    0.950 :: ho_compOnlyCay.evec 
sample:               CAY004
   -0.038677654    -0.031459012 
   -0.038678884    -0.031466019 

    0.000018293     0.000001292 
    0.000001292     0.000049778 
ellcoords:    -0.0387    -0.0315     0.017278846     0.010453912    -1.529845816  ::     0.950
sample:               CAY008
   -0.043180337     0.010997979 
   -0.043178835     0.010998646 

    0.000014974     0.000002587 
    0.000002587     0.000045757 
ellcoords:    -0.0432     0.0110     0.016596546     0.009403302    -1.487535682  ::     0.950
sample:               cay011
   -0.055909547    -0.024357623 
   -0.055896241    -0.024361337 

    0.000038247     0.000008552 
    0.000008552     0.000128256 
ellcoords:    -0.0559    -0.0244     0.027807645     0.014977661    -1.476898895  ::     0.950
sample:               cay012
   -0.043907007    -0.012753610 
   -0.043906894    -0.012740254 

    0.000038044     0.000001937 
    0.000001937     0.000080987 
ellcoords:    -0.0439    -0.0128     0.022039865     0.015080439    -1.525807770  ::     0.950
sample:               cay014
   -0.045553325    -0.016878006 
   -0.045539793    -0.016874206 

    0.000033736     0.000012195 
    0.000012195     0.000119956 
ellcoords:    -0.0456    -0.0169     0.026997131     0.013856112    -1.432958156  ::     0.950
sample:               cay015
   -0.051257509    -0.064409696 
   -0.051266520    -0.064418565 

    0.000111919     0.000119693 
    0.000119693     0.000444549 
ellcoords:    -0.0513    -0.0644     0.053802661     0.020960245    -1.258890695  ::     0.950
sample:               cay016
   -0.032469871    -0.028279756 
   -0.032463046    -0.028275004 

    0.000028574    -0.000003579 
   -0.000003579     0.000062436 
ellcoords:    -0.0325    -0.0283     0.019399172     0.012998308     1.466628500  ::     0.950
sample:               cay022
   -0.049940123    -0.010537413 
   -0.049940167    -0.010524358 

    0.000032312    -0.000001799 
   -0.000001799     0.000093350 
ellcoords:    -0.0499    -0.0105     0.023656349     0.013902377     1.541351507  ::     0.950
sample:               cay027
   -0.038907519    -0.011610449 
   -0.038895237    -0.011640220 

    0.000086959    -0.000008800 
   -0.000008800     0.000264765 
ellcoords:    -0.0389    -0.0116     0.039861462     0.022768649     1.521464045  ::     0.950
sample:               cay033
   -0.044112630    -0.025409787 
   -0.044105760    -0.025419023 

    0.000064323     0.000008627 
    0.000008627     0.000195014 
ellcoords:    -0.0441    -0.0254     0.034231828     0.019544685    -1.505167979  ::     0.950
sample:              cay1820
   -0.043954999    -0.019041427 
   -0.043952760    -0.019038406 

    0.000020778    -0.000001191 
   -0.000001191     0.000050062 
ellcoords:    -0.0440    -0.0190     0.017327238     0.011144648     1.530205335  ::     0.950
sample:               cay007
   -0.042178886    -0.020930501 
   -0.042177470    -0.020931474 

    0.000005862    -0.000000038 
   -0.000000038     0.000013761 
ellcoords:    -0.0422    -0.0209     0.009080051     0.005926184     1.566043658  ::     0.950
sample:               cay013
   -0.042685386    -0.020615836 
   -0.042683828    -0.020617735 

    0.000010539     0.000001279 
    0.000001279     0.000033144 
ellcoords:    -0.0427    -0.0206     0.014107161     0.007919029    -1.514453605  ::     0.950
